[debug] [2020-03-12T07:58:09.933Z] ----------------------------------------------------------------------
[debug] [2020-03-12T07:58:09.935Z] Command:       /usr/local/bin/firebase /Users/kimhyeonsu/.cache/firebase/tools/lib/node_modules/firebase-tools/lib/bin/firebase serve
[debug] [2020-03-12T07:58:09.935Z] CLI Version:   7.13.1
[debug] [2020-03-12T07:58:09.935Z] Platform:      darwin
[debug] [2020-03-12T07:58:09.935Z] Node Version:  v12.13.1
[debug] [2020-03-12T07:58:09.936Z] Time:          Thu Mar 12 2020 16:58:09 GMT+0900 (GMT+09:00)
[debug] [2020-03-12T07:58:09.936Z] ----------------------------------------------------------------------
[debug] [2020-03-12T07:58:09.936Z] 
[debug] [2020-03-12T07:58:09.944Z] > command requires scopes: ["email","openid","https://www.googleapis.com/auth/cloudplatformprojects.readonly","https://www.googleapis.com/auth/firebase","https://www.googleapis.com/auth/cloud-platform"]
[debug] [2020-03-12T07:58:09.945Z] > authorizing via signed-in user
[debug] [2020-03-12T07:58:09.945Z] [iam] checking project hyeonsu1984 for permissions ["firebase.projects.get"]
[debug] [2020-03-12T07:58:09.946Z] >>> HTTP REQUEST POST https://cloudresourcemanager.googleapis.com/v1/projects/hyeonsu1984:testIamPermissions  

[debug] [2020-03-12T07:58:11.110Z] <<< HTTP RESPONSE 200
[debug] [2020-03-12T07:58:11.112Z] >>> HTTP REQUEST GET https://firebase.googleapis.com/v1beta1/projects/hyeonsu1984  
 
[debug] [2020-03-12T07:58:11.866Z] <<< HTTP RESPONSE 200
[info] 
[info] === Serving from '/Users/kimhyeonsu/firebase-tutorial'...
[info] 
[debug] [2020-03-12T07:58:11.869Z] >>> HTTP REQUEST GET https://firebase.googleapis.com/v1beta1/projects/hyeonsu1984/webApps/-/config  
 
[debug] [2020-03-12T07:58:13.075Z] <<< HTTP RESPONSE 200
[info] i  hosting: Serving hosting files from: build
[info] ✔  hosting: Local server: http://localhost:5000
